[1212/141129:ERROR:renderer_main.cc(203)] Running without renderer sandbox
[1212/141129:ERROR:child_discardable_shared_memory_manager.cc(266)] size: 4194304
[1212/141131:ERROR:child_discardable_shared_memory_manager.cc(266)] size: 4194304
[1212/141139:ERROR:child_discardable_shared_memory_manager.cc(266)] size: 4194304
[1212/141243:ERROR:window_impl.cc(115)] Failed to unregister class Chrome_WidgetWin_0. Error = 0
[1212/171538:ERROR:renderer_main.cc(203)] Running without renderer sandbox
[1212/171538:INFO:CONSOLE(1)] "The key "viewport-fit" is not recognized and ignored.", source: http://buluo.qq.com/mobile/detail.html?bid=322912&pid=3044187-1513047773&_bid=128&_wv=1027#from=grp_sub_obj&gid=432232858&_wv=1027 (1)
[1212/171538:ERROR:child_discardable_shared_memory_manager.cc(266)] size: 4194304
[1212/171538:INFO:CONSOLE(72)] "Uncaught TypeError: Cannot read property 'firstChild' of null", source:  (72)
[1212/171538:INFO:CONSOLE(72)] "Uncaught TypeError: Cannot read property 'firstChild' of null", source:  (72)
[1212/171539:INFO:CONSOLE(72)] "Uncaught TypeError: Cannot read property 'firstChild' of null", source:  (72)
[1212/171539:ERROR:child_discardable_shared_memory_manager.cc(266)] size: 10207232
[1212/171540:ERROR:child_discardable_shared_memory_manager.cc(266)] size: 4194304
[1212/171540:ERROR:child_discardable_shared_memory_manager.cc(266)] size: 4194304
[1212/171540:ERROR:child_discardable_shared_memory_manager.cc(266)] size: 4194304
[1212/171540:ERROR:child_discardable_shared_memory_manager.cc(266)] size: 4194304
[1212/171549:ERROR:child_discardable_shared_memory_manager.cc(266)] size: 4349952
[1212/171617:ERROR:child_discardable_shared_memory_manager.cc(266)] size: 4194304
[1212/171803:ERROR:child_discardable_shared_memory_manager.cc(266)] size: 4194304
[1212/171839:ERROR:child_discardable_shared_memory_manager.cc(266)] size: 4194304
[1212/171904:ERROR:child_discardable_shared_memory_manager.cc(266)] size: 4194304
[1212/171915:ERROR:child_discardable_shared_memory_manager.cc(266)] size: 4194304
[1212/171924:ERROR:child_discardable_shared_memory_manager.cc(266)] size: 4194304
[1212/171947:ERROR:child_discardable_shared_memory_manager.cc(266)] size: 4194304
[1212/171959:ERROR:child_discardable_shared_memory_manager.cc(266)] size: 4194304
[1212/172017:ERROR:child_discardable_shared_memory_manager.cc(266)] size: 4194304
[1212/172033:ERROR:child_discardable_shared_memory_manager.cc(266)] size: 4194304
[1212/172057:ERROR:child_discardable_shared_memory_manager.cc(266)] size: 4194304
[1212/172133:ERROR:child_discardable_shared_memory_manager.cc(266)] size: 4194304
[1212/172154:ERROR:child_discardable_shared_memory_manager.cc(266)] size: 4194304
[1212/172154:ERROR:child_discardable_shared_memory_manager.cc(266)] size: 4194304
[1212/172234:ERROR:child_discardable_shared_memory_manager.cc(266)] size: 4194304
[1212/172234:ERROR:child_discardable_shared_memory_manager.cc(266)] size: 4194304
[1212/172306:ERROR:child_discardable_shared_memory_manager.cc(266)] size: 4194304
[1212/172355:ERROR:window_impl.cc(115)] Failed to unregister class Chrome_WidgetWin_0. Error = 1412
